0 info it worked if it ends with ok
1 verbose cli [ '/home/nraman1/.nvm/versions/node/v0.12.7/bin/node',
1 verbose cli   '/home/nraman1/.nvm/versions/node/v0.12.7/bin/npm',
1 verbose cli   'run',
1 verbose cli   'dev' ]
2 info using npm@2.11.3
3 info using node@v0.12.7
4 verbose run-script [ 'predev', 'dev', 'postdev' ]
5 info predev annotation-app@1.0.0
6 info dev annotation-app@1.0.0
7 verbose unsafe-perm in lifecycle true
8 info annotation-app@1.0.0 Failed to exec dev script
9 verbose stack Error: annotation-app@1.0.0 dev: `parcel src/index.html`
9 verbose stack Exit status 1
9 verbose stack     at EventEmitter.<anonymous> (/home/nraman1/.nvm/versions/node/v0.12.7/lib/node_modules/npm/lib/utils/lifecycle.js:213:16)
9 verbose stack     at EventEmitter.emit (events.js:110:17)
9 verbose stack     at ChildProcess.<anonymous> (/home/nraman1/.nvm/versions/node/v0.12.7/lib/node_modules/npm/lib/utils/spawn.js:24:14)
9 verbose stack     at ChildProcess.emit (events.js:110:17)
9 verbose stack     at maybeClose (child_process.js:1015:16)
9 verbose stack     at Process.ChildProcess._handle.onexit (child_process.js:1087:5)
10 verbose pkgid annotation-app@1.0.0
11 verbose cwd /mnt/c/users/navjr/documents/projects/working/clip/pedro_server/front-end/src
12 error Linux 4.4.0-18362-Microsoft
13 error argv "/home/nraman1/.nvm/versions/node/v0.12.7/bin/node" "/home/nraman1/.nvm/versions/node/v0.12.7/bin/npm" "run" "dev"
14 error node v0.12.7
15 error npm  v2.11.3
16 error code ELIFECYCLE
17 error annotation-app@1.0.0 dev: `parcel src/index.html`
17 error Exit status 1
18 error Failed at the annotation-app@1.0.0 dev script 'parcel src/index.html'.
18 error This is most likely a problem with the annotation-app package,
18 error not with npm itself.
18 error Tell the author that this fails on your system:
18 error     parcel src/index.html
18 error You can get their info via:
18 error     npm owner ls annotation-app
18 error There is likely additional logging output above.
19 verbose exit [ 1, true ]
